C:\REZSTRAFES\REZSTRAFE-CPP-V3.0-MASTER\SRC\REZSTRAFE-CPP\DEBUG\OPTIONS.OBJ
C:\REZSTRAFES\REZSTRAFE-CPP-V3.0-MASTER\SRC\REZSTRAFE-CPP\DEBUG\MAIN.OBJ
C:\REZSTRAFES\REZSTRAFE-CPP-V3.0-MASTER\SRC\REZSTRAFE-CPP\DEBUG\VC110.PDB
C:\REZSTRAFES\REZSTRAFE-CPP-V3.0-MASTER\SRC\DEBUG\REZSTRAFE-CPP.ILK
C:\REZSTRAFES\REZSTRAFE-CPP-V3.0-MASTER\SRC\DEBUG\REZSTRAFE-CPP.EXE
C:\REZSTRAFES\REZSTRAFE-CPP-V3.0-MASTER\SRC\DEBUG\REZSTRAFE-CPP.PDB
C:\REZSTRAFES\REZSTRAFE-CPP-V3.0-MASTER\SRC\REZSTRAFE-CPP\DEBUG\RESOURCE.RES
C:\rezstrafes\RezStrafe-cpp-v3.0-master\src\RezStrafe-cpp\Debug\RezStrafe-cpp.vcxproj.GenerateResource.Cache
C:\rezstrafes\RezStrafe-cpp-v3.0-master\src\RezStrafe-cpp\Debug\RezStrafe-cpp.vcxprojResolveAssemblyReference.cache
C:\rezstrafes\RezStrafe-cpp-v3.0-master\src\RezStrafe-cpp\Debug\main.obj
C:\rezstrafes\RezStrafe-cpp-v3.0-master\src\RezStrafe-cpp\Debug\options.obj
C:\rezstrafes\RezStrafe-cpp-v3.0-master\src\RezStrafe-cpp\Debug\RezStrafecpp.main.resources
C:\rezstrafes\RezStrafe-cpp-v3.0-master\src\RezStrafe-cpp\Debug\RezStrafecpp.options.resources
C:\rezstrafes\RezStrafe-cpp-v3.0-master\src\RezStrafe-cpp\Debug\cl.command.1.tlog
C:\rezstrafes\RezStrafe-cpp-v3.0-master\src\RezStrafe-cpp\Debug\CL.read.1.tlog
C:\rezstrafes\RezStrafe-cpp-v3.0-master\src\RezStrafe-cpp\Debug\CL.write.1.tlog
C:\rezstrafes\RezStrafe-cpp-v3.0-master\src\RezStrafe-cpp\Debug\link.10156-cvtres.read.1.tlog
C:\rezstrafes\RezStrafe-cpp-v3.0-master\src\RezStrafe-cpp\Debug\link.10156-cvtres.write.1.tlog
C:\rezstrafes\RezStrafe-cpp-v3.0-master\src\RezStrafe-cpp\Debug\link.10156-rc.read.1.tlog
C:\rezstrafes\RezStrafe-cpp-v3.0-master\src\RezStrafe-cpp\Debug\link.10156-rc.write.1.tlog
C:\rezstrafes\RezStrafe-cpp-v3.0-master\src\RezStrafe-cpp\Debug\link.10156.read.1.tlog
C:\rezstrafes\RezStrafe-cpp-v3.0-master\src\RezStrafe-cpp\Debug\link.10156.write.1.tlog
C:\rezstrafes\RezStrafe-cpp-v3.0-master\src\RezStrafe-cpp\Debug\link.16612-cvtres.read.1.tlog
C:\rezstrafes\RezStrafe-cpp-v3.0-master\src\RezStrafe-cpp\Debug\link.16612-cvtres.write.1.tlog
C:\rezstrafes\RezStrafe-cpp-v3.0-master\src\RezStrafe-cpp\Debug\link.16612-rc.read.1.tlog
C:\rezstrafes\RezStrafe-cpp-v3.0-master\src\RezStrafe-cpp\Debug\link.16612-rc.write.1.tlog
C:\rezstrafes\RezStrafe-cpp-v3.0-master\src\RezStrafe-cpp\Debug\link.16612.read.1.tlog
C:\rezstrafes\RezStrafe-cpp-v3.0-master\src\RezStrafe-cpp\Debug\link.16612.write.1.tlog
C:\rezstrafes\RezStrafe-cpp-v3.0-master\src\RezStrafe-cpp\Debug\link.4640-cvtres.read.1.tlog
C:\rezstrafes\RezStrafe-cpp-v3.0-master\src\RezStrafe-cpp\Debug\link.4640-cvtres.write.1.tlog
C:\rezstrafes\RezStrafe-cpp-v3.0-master\src\RezStrafe-cpp\Debug\link.4640-rc.read.1.tlog
C:\rezstrafes\RezStrafe-cpp-v3.0-master\src\RezStrafe-cpp\Debug\link.4640-rc.write.1.tlog
C:\rezstrafes\RezStrafe-cpp-v3.0-master\src\RezStrafe-cpp\Debug\link.4640.read.1.tlog
C:\rezstrafes\RezStrafe-cpp-v3.0-master\src\RezStrafe-cpp\Debug\link.4640.write.1.tlog
C:\rezstrafes\RezStrafe-cpp-v3.0-master\src\RezStrafe-cpp\Debug\link.command.1.tlog
C:\rezstrafes\RezStrafe-cpp-v3.0-master\src\RezStrafe-cpp\Debug\link.read.1.tlog
C:\rezstrafes\RezStrafe-cpp-v3.0-master\src\RezStrafe-cpp\Debug\link.write.1.tlog
C:\rezstrafes\RezStrafe-cpp-v3.0-master\src\RezStrafe-cpp\Debug\metagen.read.1.tlog
C:\rezstrafes\RezStrafe-cpp-v3.0-master\src\RezStrafe-cpp\Debug\metagen.write.1.tlog
C:\rezstrafes\RezStrafe-cpp-v3.0-master\src\RezStrafe-cpp\Debug\rc.command.1.tlog
C:\rezstrafes\RezStrafe-cpp-v3.0-master\src\RezStrafe-cpp\Debug\rc.read.1.tlog
C:\rezstrafes\RezStrafe-cpp-v3.0-master\src\RezStrafe-cpp\Debug\rc.write.1.tlog
C:\rezstrafes\RezStrafe-cpp-v3.0-master\src\RezStrafe-cpp\Debug\RezStrafe-cpp.write.1.tlog
C:\rezstrafes\RezStrafe-cpp-v3.0-master\src\RezStrafe-cpp\Debug\Resource.res
C:\rezstrafes\RezStrafe-cpp-v3.0-master\src\RezStrafe-cpp\Debug\vc110.pdb
C:\rezstrafes\RezStrafe-cpp-v3.0-master\src\Debug\RezStrafe-cpp.pdb
C:\rezstrafes\RezStrafe-cpp-v3.0-master\src\Debug\RezStrafe-cpp.exe
C:\rezstrafes\RezStrafe-cpp-v3.0-master\src\Debug\RezStrafe-cpp.ilk
